<?xml version="1.0" encoding="UTF-8"?>
<!-- Generated by org.testng.reporters.JUnitXMLReporter -->
<testsuite ignored="0" hostname="LAPTOP-7NNQODDS" failures="0" tests="4" name="Test" time="0.101" errors="0" timestamp="2022-04-23T20:01:20 IST">
  <testcase classname="komalgupta1.TestMaven.RestAPITest" name="deleteTwitter" time="0.017"/>
  <testcase classname="komalgupta1.TestMaven.RestAPITest" name="postJira" time="0.002"/>
  <testcase classname="komalgupta1.TestMaven.AppiumTest" name="IOSApps" time="0.002"/>
  <testcase classname="komalgupta1.TestMaven.AppiumTest" name="NativeAppAndroid" time="0.007"/>
</testsuite> <!-- Test -->
