<?xml version="1.0" encoding="UTF-8"?>
<!-- Generated by org.testng.reporters.JUnitXMLReporter -->
<testsuite ignored="0" hostname="LAPTOP-7NNQODDS" failures="0" tests="6" name="Test" time="0.065" errors="0" timestamp="2022-06-19T18:26:34 IST">
  <testcase classname="komalgupta1.TestMaven.RestAPITest" name="deleteTwitter" time="0.007"/>
  <testcase classname="komalgupta1.TestMaven.RestAPITest" name="postJira" time="0.001"/>
  <testcase classname="komalgupta1.TestMaven.AppiumTest" name="IOSApps" time="0.001"/>
  <testcase classname="komalgupta1.TestMaven.AppiumTest" name="NativeAppAndroid" time="0.001"/>
  <testcase classname="komalgupta1.TestMaven.SeleniumTest" name="BrowserAutomation" time="0.001"/>
  <testcase classname="komalgupta1.TestMaven.SeleniumTest" name="elementUI" time="0.002"/>
</testsuite> <!-- Test -->
