<?xml version="1.0" encoding="UTF-8"?>
<testng-results ignored="0" total="6" passed="6" failed="0" skipped="0">
  <reporter-output>
  </reporter-output>
  <suite started-at="2022-06-19T18:26:34 IST" name="Suite" finished-at="2022-06-19T18:26:34 IST" duration-ms="65">
    <groups>
    </groups>
    <test started-at="2022-06-19T18:26:34 IST" name="Test" finished-at="2022-06-19T18:26:34 IST" duration-ms="65">
      <class name="komalgupta1.TestMaven.SeleniumTest">
        <test-method signature="BrowserAutomation()[pri:0, instance:komalgupta1.TestMaven.SeleniumTest@793be5ca]" started-at="2022-06-19T18:26:34 IST" name="BrowserAutomation" finished-at="2022-06-19T18:26:34 IST" duration-ms="1" status="PASS">
          <reporter-output>
          </reporter-output>
        </test-method> <!-- BrowserAutomation -->
        <test-method signature="elementUI()[pri:0, instance:komalgupta1.TestMaven.SeleniumTest@793be5ca]" started-at="2022-06-19T18:26:34 IST" name="elementUI" finished-at="2022-06-19T18:26:34 IST" duration-ms="2" status="PASS">
          <reporter-output>
          </reporter-output>
        </test-method> <!-- elementUI -->
      </class> <!-- komalgupta1.TestMaven.SeleniumTest -->
      <class name="komalgupta1.TestMaven.RestAPITest">
        <test-method signature="deleteTwitter()[pri:0, instance:komalgupta1.TestMaven.RestAPITest@550ee7e5]" started-at="2022-06-19T18:26:34 IST" name="deleteTwitter" finished-at="2022-06-19T18:26:34 IST" duration-ms="7" status="PASS">
          <reporter-output>
          </reporter-output>
        </test-method> <!-- deleteTwitter -->
        <test-method signature="postJira()[pri:0, instance:komalgupta1.TestMaven.RestAPITest@550ee7e5]" started-at="2022-06-19T18:26:34 IST" name="postJira" finished-at="2022-06-19T18:26:34 IST" duration-ms="1" status="PASS">
          <reporter-output>
          </reporter-output>
        </test-method> <!-- postJira -->
      </class> <!-- komalgupta1.TestMaven.RestAPITest -->
      <class name="komalgupta1.TestMaven.AppiumTest">
        <test-method signature="IOSApps()[pri:0, instance:komalgupta1.TestMaven.AppiumTest@69997e9d]" started-at="2022-06-19T18:26:34 IST" name="IOSApps" finished-at="2022-06-19T18:26:34 IST" duration-ms="1" status="PASS">
          <reporter-output>
          </reporter-output>
        </test-method> <!-- IOSApps -->
        <test-method signature="NativeAppAndroid()[pri:0, instance:komalgupta1.TestMaven.AppiumTest@69997e9d]" started-at="2022-06-19T18:26:34 IST" name="NativeAppAndroid" finished-at="2022-06-19T18:26:34 IST" duration-ms="1" status="PASS">
          <reporter-output>
          </reporter-output>
        </test-method> <!-- NativeAppAndroid -->
      </class> <!-- komalgupta1.TestMaven.AppiumTest -->
    </test> <!-- Test -->
  </suite> <!-- Suite -->
</testng-results>
