<?xml version="1.0" encoding="UTF-8"?>
<testng-results ignored="0" total="4" passed="4" failed="0" skipped="0">
  <reporter-output>
  </reporter-output>
  <suite started-at="2022-04-23T20:01:20 IST" name="Suite" finished-at="2022-04-23T20:01:20 IST" duration-ms="101">
    <groups>
    </groups>
    <test started-at="2022-04-23T20:01:20 IST" name="Test" finished-at="2022-04-23T20:01:20 IST" duration-ms="101">
      <class name="komalgupta1.TestMaven.RestAPITest">
        <test-method signature="deleteTwitter()[pri:0, instance:komalgupta1.TestMaven.RestAPITest@3ee37e5a]" started-at="2022-04-23T20:01:20 IST" name="deleteTwitter" finished-at="2022-04-23T20:01:20 IST" duration-ms="17" status="PASS">
          <reporter-output>
          </reporter-output>
        </test-method> <!-- deleteTwitter -->
        <test-method signature="postJira()[pri:0, instance:komalgupta1.TestMaven.RestAPITest@3ee37e5a]" started-at="2022-04-23T20:01:20 IST" name="postJira" finished-at="2022-04-23T20:01:20 IST" duration-ms="2" status="PASS">
          <reporter-output>
          </reporter-output>
        </test-method> <!-- postJira -->
      </class> <!-- komalgupta1.TestMaven.RestAPITest -->
      <class name="komalgupta1.TestMaven.AppiumTest">
        <test-method signature="IOSApps()[pri:0, instance:komalgupta1.TestMaven.AppiumTest@71a8adcf]" started-at="2022-04-23T20:01:20 IST" name="IOSApps" finished-at="2022-04-23T20:01:20 IST" duration-ms="2" status="PASS">
          <reporter-output>
          </reporter-output>
        </test-method> <!-- IOSApps -->
        <test-method signature="NativeAppAndroid()[pri:0, instance:komalgupta1.TestMaven.AppiumTest@71a8adcf]" started-at="2022-04-23T20:01:20 IST" name="NativeAppAndroid" finished-at="2022-04-23T20:01:20 IST" duration-ms="7" status="PASS">
          <reporter-output>
          </reporter-output>
        </test-method> <!-- NativeAppAndroid -->
      </class> <!-- komalgupta1.TestMaven.AppiumTest -->
    </test> <!-- Test -->
  </suite> <!-- Suite -->
</testng-results>
